<?xml version="1.0" encoding="UTF-8"?>
<!-- Generated by org.testng.reporters.JUnitReportReporter -->
<testsuite hostname="Varsha-PC" failures="0" tests="2" name="Test.Varsha.TestNG" time="13.925" errors="0" timestamp="09 Mar 2019 05:53:39 GMT" skipped="0">
  <testcase classname="Test.Varsha.TestNG" name="buildtest" time="0.030"/>
  <testcase classname="Test.Varsha.TestNG" name="kk" time="13.895"/>
</testsuite> <!-- Test.Varsha.TestNG -->
